{"/Users/sean/Documents/dev/observer/src/fb/auth.tsx": {"path":"/Users/sean/Documents/dev/observer/src/fb/auth.tsx","statementMap":{"0":{"start":{"line":18,"column":28},"end":{"line":39,"column":1}},"1":{"start":{"line":19,"column":2},"end":{"line":38,"column":3}},"2":{"start":{"line":21,"column":6},"end":{"line":21,"column":57}},"3":{"start":{"line":23,"column":6},"end":{"line":23,"column":53}},"4":{"start":{"line":25,"column":6},"end":{"line":25,"column":58}},"5":{"start":{"line":27,"column":6},"end":{"line":27,"column":57}},"6":{"start":{"line":29,"column":6},"end":{"line":29,"column":51}},"7":{"start":{"line":31,"column":6},"end":{"line":31,"column":47}},"8":{"start":{"line":33,"column":6},"end":{"line":33,"column":65}},"9":{"start":{"line":35,"column":6},"end":{"line":35,"column":60}},"10":{"start":{"line":37,"column":6},"end":{"line":37,"column":62}},"11":{"start":{"line":42,"column":42},"end":{"line":75,"column":1}},"12":{"start":{"line":46,"column":2},"end":{"line":74,"column":3}},"13":{"start":{"line":47,"column":4},"end":{"line":47,"column":47}},"14":{"start":{"line":48,"column":27},"end":{"line":48,"column":83}},"15":{"start":{"line":49,"column":21},"end":{"line":49,"column":35}},"16":{"start":{"line":51,"column":4},"end":{"line":64,"column":5}},"17":{"start":{"line":52,"column":6},"end":{"line":52,"column":40}},"18":{"start":{"line":53,"column":6},"end":{"line":53,"column":49}},"19":{"start":{"line":55,"column":6},"end":{"line":58,"column":8}},"20":{"start":{"line":60,"column":6},"end":{"line":63,"column":8}},"21":{"start":{"line":66,"column":4},"end":{"line":66,"column":37}},"22":{"start":{"line":67,"column":4},"end":{"line":67,"column":48}},"23":{"start":{"line":69,"column":4},"end":{"line":73,"column":6}},"24":{"start":{"line":78,"column":46},"end":{"line":114,"column":1}},"25":{"start":{"line":82,"column":2},"end":{"line":113,"column":3}},"26":{"start":{"line":83,"column":4},"end":{"line":83,"column":47}},"27":{"start":{"line":84,"column":27},"end":{"line":84,"column":87}},"28":{"start":{"line":85,"column":21},"end":{"line":85,"column":35}},"29":{"start":{"line":87,"column":4},"end":{"line":103,"column":5}},"30":{"start":{"line":88,"column":6},"end":{"line":88,"column":40}},"31":{"start":{"line":89,"column":6},"end":{"line":89,"column":49}},"32":{"start":{"line":92,"column":6},"end":{"line":92,"column":36}},"33":{"start":{"line":94,"column":6},"end":{"line":97,"column":8}},"34":{"start":{"line":99,"column":6},"end":{"line":102,"column":8}},"35":{"start":{"line":105,"column":4},"end":{"line":105,"column":37}},"36":{"start":{"line":106,"column":4},"end":{"line":106,"column":48}},"37":{"start":{"line":108,"column":4},"end":{"line":112,"column":6}},"38":{"start":{"line":117,"column":38},"end":{"line":136,"column":1}},"39":{"start":{"line":118,"column":2},"end":{"line":135,"column":3}},"40":{"start":{"line":119,"column":4},"end":{"line":119,"column":54}},"41":{"start":{"line":120,"column":4},"end":{"line":120,"column":47}},"42":{"start":{"line":121,"column":4},"end":{"line":121,"column":51}},"43":{"start":{"line":123,"column":4},"end":{"line":125,"column":6}},"44":{"start":{"line":127,"column":4},"end":{"line":127,"column":37}},"45":{"start":{"line":128,"column":4},"end":{"line":128,"column":49}},"46":{"start":{"line":130,"column":4},"end":{"line":134,"column":6}},"47":{"start":{"line":139,"column":37},"end":{"line":166,"column":1}},"48":{"start":{"line":140,"column":2},"end":{"line":165,"column":3}},"49":{"start":{"line":141,"column":17},"end":{"line":141,"column":35}},"50":{"start":{"line":142,"column":4},"end":{"line":147,"column":5}},"51":{"start":{"line":143,"column":6},"end":{"line":146,"column":8}},"52":{"start":{"line":149,"column":4},"end":{"line":149,"column":52}},"53":{"start":{"line":150,"column":4},"end":{"line":150,"column":39}},"54":{"start":{"line":151,"column":4},"end":{"line":151,"column":49}},"55":{"start":{"line":153,"column":4},"end":{"line":155,"column":6}},"56":{"start":{"line":157,"column":4},"end":{"line":157,"column":37}},"57":{"start":{"line":158,"column":4},"end":{"line":158,"column":53}},"58":{"start":{"line":160,"column":4},"end":{"line":164,"column":6}},"59":{"start":{"line":169,"column":31},"end":{"line":172,"column":1}},"60":{"start":{"line":170,"column":15},"end":{"line":170,"column":33}},"61":{"start":{"line":171,"column":2},"end":{"line":171,"column":38}},"62":{"start":{"line":175,"column":30},"end":{"line":177,"column":1}},"63":{"start":{"line":176,"column":2},"end":{"line":176,"column":28}},"64":{"start":{"line":180,"column":23},"end":{"line":191,"column":1}},"65":{"start":{"line":181,"column":2},"end":{"line":190,"column":7}},"66":{"start":{"line":184,"column":6},"end":{"line":184,"column":37}},"67":{"start":{"line":185,"column":6},"end":{"line":185,"column":18}},"68":{"start":{"line":188,"column":6},"end":{"line":188,"column":45}},"69":{"start":{"line":189,"column":6},"end":{"line":189,"column":19}},"70":{"start":{"line":193,"column":26},"end":{"line":206,"column":1}},"71":{"start":{"line":194,"column":15},"end":{"line":194,"column":33}},"72":{"start":{"line":196,"column":2},"end":{"line":205,"column":7}},"73":{"start":{"line":199,"column":6},"end":{"line":199,"column":41}},"74":{"start":{"line":200,"column":6},"end":{"line":200,"column":18}},"75":{"start":{"line":203,"column":6},"end":{"line":203,"column":43}},"76":{"start":{"line":204,"column":6},"end":{"line":204,"column":19}}},"fnMap":{"0":{"name":"(anonymous_0)","decl":{"start":{"line":18,"column":28},"end":{"line":18,"column":29}},"loc":{"start":{"line":18,"column":58},"end":{"line":39,"column":1}},"line":18},"1":{"name":"(anonymous_1)","decl":{"start":{"line":42,"column":42},"end":{"line":42,"column":43}},"loc":{"start":{"line":45,"column":26},"end":{"line":75,"column":1}},"line":45},"2":{"name":"(anonymous_2)","decl":{"start":{"line":78,"column":46},"end":{"line":78,"column":47}},"loc":{"start":{"line":81,"column":26},"end":{"line":114,"column":1}},"line":81},"3":{"name":"(anonymous_3)","decl":{"start":{"line":117,"column":38},"end":{"line":117,"column":39}},"loc":{"start":{"line":117,"column":84},"end":{"line":136,"column":1}},"line":117},"4":{"name":"(anonymous_4)","decl":{"start":{"line":139,"column":37},"end":{"line":139,"column":38}},"loc":{"start":{"line":139,"column":70},"end":{"line":166,"column":1}},"line":139},"5":{"name":"(anonymous_5)","decl":{"start":{"line":169,"column":31},"end":{"line":169,"column":32}},"loc":{"start":{"line":169,"column":46},"end":{"line":172,"column":1}},"line":169},"6":{"name":"(anonymous_6)","decl":{"start":{"line":175,"column":30},"end":{"line":175,"column":31}},"loc":{"start":{"line":175,"column":36},"end":{"line":177,"column":1}},"line":175},"7":{"name":"(anonymous_7)","decl":{"start":{"line":180,"column":23},"end":{"line":180,"column":24}},"loc":{"start":{"line":180,"column":35},"end":{"line":191,"column":1}},"line":180},"8":{"name":"(anonymous_8)","decl":{"start":{"line":183,"column":10},"end":{"line":183,"column":11}},"loc":{"start":{"line":183,"column":16},"end":{"line":186,"column":5}},"line":183},"9":{"name":"(anonymous_9)","decl":{"start":{"line":187,"column":11},"end":{"line":187,"column":12}},"loc":{"start":{"line":187,"column":16},"end":{"line":190,"column":5}},"line":187},"10":{"name":"(anonymous_10)","decl":{"start":{"line":193,"column":26},"end":{"line":193,"column":27}},"loc":{"start":{"line":193,"column":38},"end":{"line":206,"column":1}},"line":193},"11":{"name":"(anonymous_11)","decl":{"start":{"line":198,"column":10},"end":{"line":198,"column":11}},"loc":{"start":{"line":198,"column":16},"end":{"line":201,"column":5}},"line":198},"12":{"name":"(anonymous_12)","decl":{"start":{"line":202,"column":11},"end":{"line":202,"column":12}},"loc":{"start":{"line":202,"column":16},"end":{"line":205,"column":5}},"line":202}},"branchMap":{"0":{"loc":{"start":{"line":19,"column":2},"end":{"line":38,"column":3}},"type":"switch","locations":[{"start":{"line":20,"column":4},"end":{"line":21,"column":57}},{"start":{"line":22,"column":4},"end":{"line":23,"column":53}},{"start":{"line":24,"column":4},"end":{"line":25,"column":58}},{"start":{"line":26,"column":4},"end":{"line":27,"column":57}},{"start":{"line":28,"column":4},"end":{"line":29,"column":51}},{"start":{"line":30,"column":4},"end":{"line":31,"column":47}},{"start":{"line":32,"column":4},"end":{"line":33,"column":65}},{"start":{"line":34,"column":4},"end":{"line":35,"column":60}},{"start":{"line":36,"column":4},"end":{"line":37,"column":62}}],"line":19},"1":{"loc":{"start":{"line":37,"column":13},"end":{"line":37,"column":61}},"type":"binary-expr","locations":[{"start":{"line":37,"column":13},"end":{"line":37,"column":26}},{"start":{"line":37,"column":30},"end":{"line":37,"column":61}}],"line":37},"2":{"loc":{"start":{"line":51,"column":4},"end":{"line":64,"column":5}},"type":"if","locations":[{"start":{"line":51,"column":4},"end":{"line":64,"column":5}},{"start":{"line":59,"column":11},"end":{"line":64,"column":5}}],"line":51},"3":{"loc":{"start":{"line":87,"column":4},"end":{"line":103,"column":5}},"type":"if","locations":[{"start":{"line":87,"column":4},"end":{"line":103,"column":5}},{"start":{"line":98,"column":11},"end":{"line":103,"column":5}}],"line":87},"4":{"loc":{"start":{"line":142,"column":4},"end":{"line":147,"column":5}},"type":"if","locations":[{"start":{"line":142,"column":4},"end":{"line":147,"column":5}},{"start":{},"end":{}}],"line":142},"5":{"loc":{"start":{"line":171,"column":9},"end":{"line":171,"column":37}},"type":"binary-expr","locations":[{"start":{"line":171,"column":9},"end":{"line":171,"column":28}},{"start":{"line":171,"column":32},"end":{"line":171,"column":37}}],"line":171}},"s":{"0":1,"1":8,"2":2,"3":2,"4":1,"5":1,"6":1,"7":0,"8":1,"9":0,"10":0,"11":1,"12":6,"13":6,"14":6,"15":2,"16":2,"17":1,"18":1,"19":1,"20":1,"21":4,"22":4,"23":4,"24":1,"25":4,"26":4,"27":4,"28":2,"29":2,"30":1,"31":1,"32":1,"33":1,"34":1,"35":2,"36":2,"37":2,"38":1,"39":3,"40":3,"41":3,"42":1,"43":1,"44":2,"45":2,"46":2,"47":1,"48":3,"49":3,"50":3,"51":1,"52":2,"53":2,"54":2,"55":2,"56":0,"57":0,"58":0,"59":1,"60":3,"61":3,"62":1,"63":1,"64":1,"65":2,"66":1,"67":1,"68":1,"69":1,"70":1,"71":2,"72":2,"73":1,"74":1,"75":1,"76":1},"f":{"0":8,"1":6,"2":4,"3":3,"4":3,"5":3,"6":1,"7":2,"8":1,"9":1,"10":2,"11":1,"12":1},"b":{"0":[2,2,1,1,1,0,1,0,0],"1":[0,0],"2":[1,1],"3":[1,1],"4":[1,2],"5":[3,2]},"_coverageSchema":"1a1c01bbd47fc00a2c39e90264f33305004495a9","hash":"7c58582635f38bee0f0e79a557f3e352b96492cb"}
,"/Users/sean/Documents/dev/observer/src/services/matchingService.ts": {"path":"/Users/sean/Documents/dev/observer/src/services/matchingService.ts","statementMap":{"0":{"start":{"line":19,"column":2},"end":{"line":24,"column":3}},"1":{"start":{"line":20,"column":26},"end":{"line":20,"column":53}},"2":{"start":{"line":21,"column":4},"end":{"line":23,"column":17}},"3":{"start":{"line":31,"column":2},"end":{"line":36,"column":3}},"4":{"start":{"line":32,"column":18},"end":{"line":32,"column":50}},"5":{"start":{"line":33,"column":4},"end":{"line":35,"column":5}},"6":{"start":{"line":34,"column":6},"end":{"line":34,"column":16}},"7":{"start":{"line":37,"column":2},"end":{"line":37,"column":14}},"8":{"start":{"line":44,"column":17},"end":{"line":44,"column":48}},"9":{"start":{"line":45,"column":2},"end":{"line":50,"column":3}},"10":{"start":{"line":46,"column":21},"end":{"line":46,"column":55}},"11":{"start":{"line":47,"column":4},"end":{"line":49,"column":5}},"12":{"start":{"line":48,"column":6},"end":{"line":48,"column":16}},"13":{"start":{"line":51,"column":2},"end":{"line":51,"column":14}},"14":{"start":{"line":58,"column":2},"end":{"line":76,"column":3}},"15":{"start":{"line":59,"column":21},"end":{"line":59,"column":55}},"16":{"start":{"line":60,"column":4},"end":{"line":75,"column":5}},"17":{"start":{"line":61,"column":6},"end":{"line":74,"column":7}},"18":{"start":{"line":63,"column":22},"end":{"line":63,"column":63}},"19":{"start":{"line":64,"column":8},"end":{"line":73,"column":9}},"20":{"start":{"line":65,"column":10},"end":{"line":72,"column":11}},"21":{"start":{"line":66,"column":26},"end":{"line":66,"column":56}},"22":{"start":{"line":67,"column":12},"end":{"line":69,"column":13}},"23":{"start":{"line":68,"column":14},"end":{"line":68,"column":24}},"24":{"start":{"line":71,"column":12},"end":{"line":71,"column":74}},"25":{"start":{"line":77,"column":2},"end":{"line":77,"column":14}},"26":{"start":{"line":83,"column":18},"end":{"line":83,"column":37}},"27":{"start":{"line":84,"column":2},"end":{"line":86,"column":3}},"28":{"start":{"line":85,"column":4},"end":{"line":85,"column":16}},"29":{"start":{"line":88,"column":19},"end":{"line":88,"column":28}},"30":{"start":{"line":89,"column":19},"end":{"line":89,"column":28}},"31":{"start":{"line":90,"column":19},"end":{"line":90,"column":57}},"32":{"start":{"line":92,"column":36},"end":{"line":92,"column":40}},"33":{"start":{"line":95,"column":2},"end":{"line":97,"column":3}},"34":{"start":{"line":96,"column":4},"end":{"line":96,"column":55}},"35":{"start":{"line":100,"column":2},"end":{"line":102,"column":3}},"36":{"start":{"line":101,"column":4},"end":{"line":101,"column":56}},"37":{"start":{"line":105,"column":2},"end":{"line":107,"column":3}},"38":{"start":{"line":106,"column":4},"end":{"line":106,"column":54}},"39":{"start":{"line":109,"column":2},"end":{"line":111,"column":3}},"40":{"start":{"line":110,"column":4},"end":{"line":110,"column":38}},"41":{"start":{"line":113,"column":2},"end":{"line":113,"column":14}},"42":{"start":{"line":120,"column":25},"end":{"line":120,"column":67}},"43":{"start":{"line":121,"column":40},"end":{"line":121,"column":42}},"44":{"start":{"line":123,"column":2},"end":{"line":136,"column":5}},"45":{"start":{"line":124,"column":25},"end":{"line":124,"column":52}},"46":{"start":{"line":125,"column":4},"end":{"line":135,"column":5}},"47":{"start":{"line":126,"column":6},"end":{"line":126,"column":64}},"48":{"start":{"line":128,"column":26},"end":{"line":128,"column":72}},"49":{"start":{"line":129,"column":6},"end":{"line":134,"column":9}},"50":{"start":{"line":138,"column":2},"end":{"line":138,"column":42}}},"fnMap":{"0":{"name":"makeRelativeFilePath","decl":{"start":{"line":18,"column":9},"end":{"line":18,"column":29}},"loc":{"start":{"line":18,"column":63},"end":{"line":25,"column":1}},"line":18},"1":{"name":"matchByExactSize","decl":{"start":{"line":27,"column":9},"end":{"line":27,"column":25}},"loc":{"start":{"line":30,"column":17},"end":{"line":38,"column":1}},"line":30},"2":{"name":"matchBySizePrefix","decl":{"start":{"line":40,"column":9},"end":{"line":40,"column":26}},"loc":{"start":{"line":43,"column":17},"end":{"line":52,"column":1}},"line":43},"3":{"name":"matchByFileName","decl":{"start":{"line":54,"column":9},"end":{"line":54,"column":24}},"loc":{"start":{"line":57,"column":17},"end":{"line":78,"column":1}},"line":57},"4":{"name":"matchFileToMeditation","decl":{"start":{"line":80,"column":9},"end":{"line":80,"column":30}},"loc":{"start":{"line":82,"column":33},"end":{"line":114,"column":1}},"line":82},"5":{"name":"makeFilePathDataList","decl":{"start":{"line":116,"column":16},"end":{"line":116,"column":36}},"loc":{"start":{"line":119,"column":2},"end":{"line":139,"column":1}},"line":119},"6":{"name":"(anonymous_6)","decl":{"start":{"line":123,"column":16},"end":{"line":123,"column":17}},"loc":{"start":{"line":123,"column":24},"end":{"line":136,"column":3}},"line":123}},"branchMap":{"0":{"loc":{"start":{"line":19,"column":2},"end":{"line":24,"column":3}},"type":"if","locations":[{"start":{"line":19,"column":2},"end":{"line":24,"column":3}},{"start":{},"end":{}}],"line":19},"1":{"loc":{"start":{"line":19,"column":6},"end":{"line":19,"column":47}},"type":"binary-expr","locations":[{"start":{"line":19,"column":6},"end":{"line":19,"column":22}},{"start":{"line":19,"column":26},"end":{"line":19,"column":47}}],"line":19},"2":{"loc":{"start":{"line":33,"column":4},"end":{"line":35,"column":5}},"type":"if","locations":[{"start":{"line":33,"column":4},"end":{"line":35,"column":5}},{"start":{},"end":{}}],"line":33},"3":{"loc":{"start":{"line":33,"column":8},"end":{"line":33,"column":41}},"type":"binary-expr","locations":[{"start":{"line":33,"column":8},"end":{"line":33,"column":13}},{"start":{"line":33,"column":17},"end":{"line":33,"column":41}}],"line":33},"4":{"loc":{"start":{"line":47,"column":4},"end":{"line":49,"column":5}},"type":"if","locations":[{"start":{"line":47,"column":4},"end":{"line":49,"column":5}},{"start":{},"end":{}}],"line":47},"5":{"loc":{"start":{"line":47,"column":8},"end":{"line":47,"column":45}},"type":"binary-expr","locations":[{"start":{"line":47,"column":8},"end":{"line":47,"column":16}},{"start":{"line":47,"column":20},"end":{"line":47,"column":45}}],"line":47},"6":{"loc":{"start":{"line":60,"column":4},"end":{"line":75,"column":5}},"type":"if","locations":[{"start":{"line":60,"column":4},"end":{"line":75,"column":5}},{"start":{},"end":{}}],"line":60},"7":{"loc":{"start":{"line":64,"column":8},"end":{"line":73,"column":9}},"type":"if","locations":[{"start":{"line":64,"column":8},"end":{"line":73,"column":9}},{"start":{},"end":{}}],"line":64},"8":{"loc":{"start":{"line":67,"column":12},"end":{"line":69,"column":13}},"type":"if","locations":[{"start":{"line":67,"column":12},"end":{"line":69,"column":13}},{"start":{},"end":{}}],"line":67},"9":{"loc":{"start":{"line":84,"column":2},"end":{"line":86,"column":3}},"type":"if","locations":[{"start":{"line":84,"column":2},"end":{"line":86,"column":3}},{"start":{},"end":{}}],"line":84},"10":{"loc":{"start":{"line":95,"column":2},"end":{"line":97,"column":3}},"type":"if","locations":[{"start":{"line":95,"column":2},"end":{"line":97,"column":3}},{"start":{},"end":{}}],"line":95},"11":{"loc":{"start":{"line":100,"column":2},"end":{"line":102,"column":3}},"type":"if","locations":[{"start":{"line":100,"column":2},"end":{"line":102,"column":3}},{"start":{},"end":{}}],"line":100},"12":{"loc":{"start":{"line":100,"column":6},"end":{"line":100,"column":31}},"type":"binary-expr","locations":[{"start":{"line":100,"column":6},"end":{"line":100,"column":19}},{"start":{"line":100,"column":23},"end":{"line":100,"column":31}}],"line":100},"13":{"loc":{"start":{"line":105,"column":2},"end":{"line":107,"column":3}},"type":"if","locations":[{"start":{"line":105,"column":2},"end":{"line":107,"column":3}},{"start":{},"end":{}}],"line":105},"14":{"loc":{"start":{"line":105,"column":6},"end":{"line":105,"column":31}},"type":"binary-expr","locations":[{"start":{"line":105,"column":6},"end":{"line":105,"column":19}},{"start":{"line":105,"column":23},"end":{"line":105,"column":31}}],"line":105},"15":{"loc":{"start":{"line":109,"column":2},"end":{"line":111,"column":3}},"type":"if","locations":[{"start":{"line":109,"column":2},"end":{"line":111,"column":3}},{"start":{},"end":{}}],"line":109},"16":{"loc":{"start":{"line":109,"column":6},"end":{"line":109,"column":30}},"type":"binary-expr","locations":[{"start":{"line":109,"column":6},"end":{"line":109,"column":18}},{"start":{"line":109,"column":22},"end":{"line":109,"column":30}}],"line":109},"17":{"loc":{"start":{"line":125,"column":4},"end":{"line":135,"column":5}},"type":"if","locations":[{"start":{"line":125,"column":4},"end":{"line":135,"column":5}},{"start":{"line":127,"column":11},"end":{"line":135,"column":5}}],"line":125},"18":{"loc":{"start":{"line":128,"column":26},"end":{"line":128,"column":72}},"type":"binary-expr","locations":[{"start":{"line":128,"column":26},"end":{"line":128,"column":64}},{"start":{"line":128,"column":68},"end":{"line":128,"column":72}}],"line":128}},"s":{"0":14,"1":14,"2":14,"3":11,"4":23,"5":23,"6":6,"7":5,"8":5,"9":5,"10":14,"11":14,"12":1,"13":4,"14":4,"15":9,"16":9,"17":7,"18":7,"19":7,"20":7,"21":7,"22":7,"23":2,"24":0,"25":2,"26":12,"27":12,"28":1,"29":11,"30":11,"31":11,"32":11,"33":11,"34":11,"35":11,"36":5,"37":11,"38":4,"39":11,"40":9,"41":2,"42":12,"43":12,"44":12,"45":12,"46":12,"47":9,"48":3,"49":3,"50":12},"f":{"0":14,"1":11,"2":5,"3":4,"4":12,"5":12,"6":12},"b":{"0":[14,0],"1":[14,14],"2":[6,17],"3":[23,18],"4":[1,13],"5":[14,10],"6":[7,2],"7":[7,0],"8":[2,5],"9":[1,11],"10":[11,0],"11":[5,6],"12":[11,5],"13":[4,7],"14":[11,4],"15":[9,2],"16":[11,9],"17":[9,3],"18":[3,0]},"_coverageSchema":"1a1c01bbd47fc00a2c39e90264f33305004495a9","hash":"438221b6afa5c53909acd0330bd4cabf5c5bef44"}
,"/Users/sean/Documents/dev/observer/src/utils/addMeditations.tsx": {"path":"/Users/sean/Documents/dev/observer/src/utils/addMeditations.tsx","statementMap":{"0":{"start":{"line":17,"column":27},"end":{"line":43,"column":1}},"1":{"start":{"line":18,"column":24},"end":{"line":18,"column":47}},"2":{"start":{"line":20,"column":2},"end":{"line":40,"column":3}},"3":{"start":{"line":21,"column":4},"end":{"line":39,"column":7}},"4":{"start":{"line":22,"column":23},"end":{"line":22,"column":47}},"5":{"start":{"line":23,"column":23},"end":{"line":23,"column":47}},"6":{"start":{"line":25,"column":27},"end":{"line":28,"column":41}},"7":{"start":{"line":26,"column":8},"end":{"line":28,"column":41}},"8":{"start":{"line":30,"column":27},"end":{"line":32,"column":45}},"9":{"start":{"line":31,"column":8},"end":{"line":32,"column":45}},"10":{"start":{"line":34,"column":6},"end":{"line":38,"column":7}},"11":{"start":{"line":35,"column":8},"end":{"line":37,"column":9}},"12":{"start":{"line":36,"column":10},"end":{"line":36,"column":35}},"13":{"start":{"line":42,"column":2},"end":{"line":42,"column":23}},"14":{"start":{"line":45,"column":32},"end":{"line":88,"column":1}},"15":{"start":{"line":54,"column":2},"end":{"line":54,"column":53}},"16":{"start":{"line":55,"column":27},"end":{"line":55,"column":36}},"17":{"start":{"line":56,"column":20},"end":{"line":56,"column":50}},"18":{"start":{"line":58,"column":2},"end":{"line":61,"column":5}},"19":{"start":{"line":63,"column":43},"end":{"line":66,"column":3}},"20":{"start":{"line":68,"column":31},"end":{"line":68,"column":63}},"21":{"start":{"line":70,"column":2},"end":{"line":73,"column":3}},"22":{"start":{"line":71,"column":4},"end":{"line":71,"column":54}},"23":{"start":{"line":72,"column":4},"end":{"line":72,"column":42}},"24":{"start":{"line":75,"column":2},"end":{"line":82,"column":3}},"25":{"start":{"line":76,"column":4},"end":{"line":76,"column":62}},"26":{"start":{"line":77,"column":4},"end":{"line":77,"column":56}},"27":{"start":{"line":78,"column":4},"end":{"line":78,"column":56}},"28":{"start":{"line":79,"column":4},"end":{"line":81,"column":5}},"29":{"start":{"line":80,"column":6},"end":{"line":80,"column":48}},"30":{"start":{"line":84,"column":2},"end":{"line":87,"column":4}}},"fnMap":{"0":{"name":"(anonymous_0)","decl":{"start":{"line":17,"column":27},"end":{"line":17,"column":28}},"loc":{"start":{"line":17,"column":65},"end":{"line":43,"column":1}},"line":17},"1":{"name":"(anonymous_1)","decl":{"start":{"line":21,"column":25},"end":{"line":21,"column":26}},"loc":{"start":{"line":21,"column":33},"end":{"line":39,"column":5}},"line":21},"2":{"name":"(anonymous_2)","decl":{"start":{"line":25,"column":27},"end":{"line":25,"column":28}},"loc":{"start":{"line":26,"column":8},"end":{"line":28,"column":41}},"line":26},"3":{"name":"(anonymous_3)","decl":{"start":{"line":30,"column":27},"end":{"line":30,"column":28}},"loc":{"start":{"line":31,"column":8},"end":{"line":32,"column":45}},"line":31},"4":{"name":"(anonymous_4)","decl":{"start":{"line":45,"column":32},"end":{"line":45,"column":33}},"loc":{"start":{"line":53,"column":5},"end":{"line":88,"column":1}},"line":53}},"branchMap":{"0":{"loc":{"start":{"line":20,"column":2},"end":{"line":40,"column":3}},"type":"if","locations":[{"start":{"line":20,"column":2},"end":{"line":40,"column":3}},{"start":{},"end":{}}],"line":20},"1":{"loc":{"start":{"line":26,"column":8},"end":{"line":28,"column":41}},"type":"binary-expr","locations":[{"start":{"line":26,"column":8},"end":{"line":26,"column":42}},{"start":{"line":27,"column":8},"end":{"line":27,"column":35}},{"start":{"line":28,"column":8},"end":{"line":28,"column":41}}],"line":26},"2":{"loc":{"start":{"line":31,"column":8},"end":{"line":32,"column":45}},"type":"binary-expr","locations":[{"start":{"line":31,"column":8},"end":{"line":31,"column":39}},{"start":{"line":32,"column":8},"end":{"line":32,"column":45}}],"line":31},"3":{"loc":{"start":{"line":34,"column":6},"end":{"line":38,"column":7}},"type":"if","locations":[{"start":{"line":34,"column":6},"end":{"line":38,"column":7}},{"start":{},"end":{}}],"line":34},"4":{"loc":{"start":{"line":34,"column":10},"end":{"line":34,"column":30}},"type":"binary-expr","locations":[{"start":{"line":34,"column":10},"end":{"line":34,"column":18}},{"start":{"line":34,"column":22},"end":{"line":34,"column":30}}],"line":34},"5":{"loc":{"start":{"line":35,"column":8},"end":{"line":37,"column":9}},"type":"if","locations":[{"start":{"line":35,"column":8},"end":{"line":37,"column":9}},{"start":{},"end":{}}],"line":35},"6":{"loc":{"start":{"line":35,"column":12},"end":{"line":35,"column":62}},"type":"binary-expr","locations":[{"start":{"line":35,"column":12},"end":{"line":35,"column":35}},{"start":{"line":35,"column":39},"end":{"line":35,"column":62}}],"line":35},"7":{"loc":{"start":{"line":70,"column":2},"end":{"line":73,"column":3}},"type":"if","locations":[{"start":{"line":70,"column":2},"end":{"line":73,"column":3}},{"start":{},"end":{}}],"line":70},"8":{"loc":{"start":{"line":75,"column":2},"end":{"line":82,"column":3}},"type":"if","locations":[{"start":{"line":75,"column":2},"end":{"line":82,"column":3}},{"start":{},"end":{}}],"line":75},"9":{"loc":{"start":{"line":79,"column":4},"end":{"line":81,"column":5}},"type":"if","locations":[{"start":{"line":79,"column":4},"end":{"line":81,"column":5}},{"start":{},"end":{}}],"line":79},"10":{"loc":{"start":{"line":79,"column":8},"end":{"line":79,"column":72}},"type":"binary-expr","locations":[{"start":{"line":79,"column":8},"end":{"line":79,"column":26}},{"start":{"line":79,"column":30},"end":{"line":79,"column":72}}],"line":79}},"s":{"0":1,"1":6,"2":6,"3":2,"4":4,"5":4,"6":4,"7":4,"8":4,"9":3,"10":4,"11":4,"12":1,"13":6,"14":1,"15":6,"16":6,"17":6,"18":6,"19":6,"20":6,"21":6,"22":2,"23":2,"24":6,"25":2,"26":2,"27":2,"28":2,"29":1,"30":6},"f":{"0":6,"1":4,"2":4,"3":3,"4":6},"b":{"0":[2,4],"1":[4,3,3],"2":[3,2],"3":[4,0],"4":[4,4],"5":[1,3],"6":[4,3],"7":[2,4],"8":[2,4],"9":[1,1],"10":[2,2]},"_coverageSchema":"1a1c01bbd47fc00a2c39e90264f33305004495a9","hash":"56d05852fec74da1ced80d2ba56c0c2dbaf9abd3"}
,"/Users/sean/Documents/dev/observer/src/utils/meditation.ts": {"path":"/Users/sean/Documents/dev/observer/src/utils/meditation.ts","statementMap":{"0":{"start":{"line":21,"column":29},"end":{"line":22,"column":54}},"1":{"start":{"line":22,"column":2},"end":{"line":22,"column":54}},"2":{"start":{"line":22,"column":33},"end":{"line":22,"column":53}},"3":{"start":{"line":24,"column":37},"end":{"line":31,"column":1}},"4":{"start":{"line":25,"column":28},"end":{"line":25,"column":58}},"5":{"start":{"line":26,"column":2},"end":{"line":30,"column":3}},"6":{"start":{"line":27,"column":4},"end":{"line":27,"column":28}},"7":{"start":{"line":28,"column":9},"end":{"line":30,"column":3}},"8":{"start":{"line":29,"column":4},"end":{"line":29,"column":60}},"9":{"start":{"line":33,"column":38},"end":{"line":46,"column":1}},"10":{"start":{"line":36,"column":35},"end":{"line":36,"column":59}},"11":{"start":{"line":38,"column":2},"end":{"line":43,"column":5}},"12":{"start":{"line":39,"column":36},"end":{"line":39,"column":61}},"13":{"start":{"line":40,"column":4},"end":{"line":42,"column":5}},"14":{"start":{"line":41,"column":6},"end":{"line":41,"column":61}},"15":{"start":{"line":45,"column":2},"end":{"line":45,"column":34}},"16":{"start":{"line":48,"column":42},"end":{"line":60,"column":1}},"17":{"start":{"line":50,"column":4},"end":{"line":52,"column":51}},"18":{"start":{"line":54,"column":2},"end":{"line":59,"column":3}},"19":{"start":{"line":55,"column":31},"end":{"line":55,"column":74}},"20":{"start":{"line":56,"column":4},"end":{"line":56,"column":36}},"21":{"start":{"line":58,"column":4},"end":{"line":58,"column":14}},"22":{"start":{"line":62,"column":48},"end":{"line":91,"column":1}},"23":{"start":{"line":63,"column":23},"end":{"line":63,"column":70}},"24":{"start":{"line":65,"column":2},"end":{"line":90,"column":3}},"25":{"start":{"line":66,"column":30},"end":{"line":66,"column":60}},"26":{"start":{"line":67,"column":31},"end":{"line":67,"column":55}},"27":{"start":{"line":68,"column":29},"end":{"line":68,"column":60}},"28":{"start":{"line":69,"column":29},"end":{"line":69,"column":49}},"29":{"start":{"line":70,"column":34},"end":{"line":70,"column":62}},"30":{"start":{"line":72,"column":4},"end":{"line":85,"column":7}},"31":{"start":{"line":73,"column":33},"end":{"line":73,"column":56}},"32":{"start":{"line":75,"column":6},"end":{"line":84,"column":7}},"33":{"start":{"line":76,"column":8},"end":{"line":76,"column":35}},"34":{"start":{"line":77,"column":34},"end":{"line":77,"column":59}},"35":{"start":{"line":78,"column":36},"end":{"line":78,"column":63}},"36":{"start":{"line":79,"column":8},"end":{"line":81,"column":9}},"37":{"start":{"line":80,"column":10},"end":{"line":80,"column":74}},"38":{"start":{"line":82,"column":13},"end":{"line":84,"column":7}},"39":{"start":{"line":83,"column":8},"end":{"line":83,"column":56}},"40":{"start":{"line":87,"column":4},"end":{"line":89,"column":5}},"41":{"start":{"line":88,"column":6},"end":{"line":88,"column":75}},"42":{"start":{"line":93,"column":38},"end":{"line":120,"column":1}},"43":{"start":{"line":94,"column":23},"end":{"line":94,"column":70}},"44":{"start":{"line":96,"column":2},"end":{"line":96,"column":50}},"45":{"start":{"line":98,"column":2},"end":{"line":119,"column":3}},"46":{"start":{"line":99,"column":30},"end":{"line":99,"column":60}},"47":{"start":{"line":100,"column":29},"end":{"line":100,"column":52}},"48":{"start":{"line":101,"column":31},"end":{"line":101,"column":55}},"49":{"start":{"line":102,"column":29},"end":{"line":102,"column":60}},"50":{"start":{"line":104,"column":4},"end":{"line":104,"column":80}},"51":{"start":{"line":106,"column":4},"end":{"line":113,"column":7}},"52":{"start":{"line":107,"column":33},"end":{"line":107,"column":56}},"53":{"start":{"line":108,"column":29},"end":{"line":111,"column":7}},"54":{"start":{"line":112,"column":6},"end":{"line":112,"column":74}},"55":{"start":{"line":115,"column":4},"end":{"line":115,"column":108}},"56":{"start":{"line":116,"column":4},"end":{"line":116,"column":89}},"57":{"start":{"line":118,"column":4},"end":{"line":118,"column":30}},"58":{"start":{"line":124,"column":51},"end":{"line":138,"column":1}},"59":{"start":{"line":129,"column":4},"end":{"line":133,"column":6}},"60":{"start":{"line":135,"column":27},"end":{"line":135,"column":66}},"61":{"start":{"line":137,"column":2},"end":{"line":137,"column":62}},"62":{"start":{"line":142,"column":46},"end":{"line":151,"column":1}},"63":{"start":{"line":147,"column":4},"end":{"line":147,"column":69}},"64":{"start":{"line":148,"column":41},"end":{"line":148,"column":68}},"65":{"start":{"line":150,"column":2},"end":{"line":150,"column":40}},"66":{"start":{"line":158,"column":52},"end":{"line":181,"column":1}},"67":{"start":{"line":162,"column":33},"end":{"line":162,"column":78}},"68":{"start":{"line":164,"column":2},"end":{"line":166,"column":3}},"69":{"start":{"line":165,"column":4},"end":{"line":165,"column":11}},"70":{"start":{"line":167,"column":29},"end":{"line":167,"column":83}},"71":{"start":{"line":168,"column":32},"end":{"line":171,"column":3}},"72":{"start":{"line":172,"column":39},"end":{"line":174,"column":7}},"73":{"start":{"line":175,"column":35},"end":{"line":175,"column":58}},"74":{"start":{"line":177,"column":2},"end":{"line":180,"column":4}},"75":{"start":{"line":183,"column":47},"end":{"line":236,"column":1}},"76":{"start":{"line":194,"column":4},"end":{"line":194,"column":26}},"77":{"start":{"line":196,"column":36},"end":{"line":204,"column":3}},"78":{"start":{"line":206,"column":2},"end":{"line":210,"column":3}},"79":{"start":{"line":207,"column":4},"end":{"line":209,"column":7}},"80":{"start":{"line":212,"column":2},"end":{"line":216,"column":3}},"81":{"start":{"line":213,"column":4},"end":{"line":215,"column":7}},"82":{"start":{"line":218,"column":2},"end":{"line":222,"column":3}},"83":{"start":{"line":219,"column":4},"end":{"line":221,"column":7}},"84":{"start":{"line":224,"column":2},"end":{"line":233,"column":3}},"85":{"start":{"line":225,"column":4},"end":{"line":232,"column":7}},"86":{"start":{"line":235,"column":2},"end":{"line":235,"column":35}},"87":{"start":{"line":238,"column":48},"end":{"line":297,"column":1}},"88":{"start":{"line":250,"column":4},"end":{"line":250,"column":26}},"89":{"start":{"line":252,"column":27},"end":{"line":258,"column":3}},"90":{"start":{"line":260,"column":2},"end":{"line":268,"column":3}},"91":{"start":{"line":261,"column":4},"end":{"line":267,"column":7}},"92":{"start":{"line":270,"column":18},"end":{"line":270,"column":20}},"93":{"start":{"line":272,"column":2},"end":{"line":276,"column":3}},"94":{"start":{"line":273,"column":4},"end":{"line":275,"column":7}},"95":{"start":{"line":278,"column":2},"end":{"line":282,"column":3}},"96":{"start":{"line":279,"column":4},"end":{"line":281,"column":7}},"97":{"start":{"line":284,"column":2},"end":{"line":296,"column":4}},"98":{"start":{"line":299,"column":35},"end":{"line":300,"column":77}},"99":{"start":{"line":300,"column":2},"end":{"line":300,"column":77}},"100":{"start":{"line":302,"column":54},"end":{"line":307,"column":42}},"101":{"start":{"line":305,"column":2},"end":{"line":307,"column":42}},"102":{"start":{"line":309,"column":46},"end":{"line":321,"column":9}},"103":{"start":{"line":313,"column":2},"end":{"line":321,"column":9}},"104":{"start":{"line":323,"column":52},"end":{"line":336,"column":9}},"105":{"start":{"line":327,"column":2},"end":{"line":336,"column":9}},"106":{"start":{"line":338,"column":39},"end":{"line":352,"column":1}},"107":{"start":{"line":343,"column":4},"end":{"line":345,"column":47}},"108":{"start":{"line":347,"column":26},"end":{"line":347,"column":48}},"109":{"start":{"line":349,"column":2},"end":{"line":351,"column":3}},"110":{"start":{"line":350,"column":4},"end":{"line":350,"column":55}},"111":{"start":{"line":354,"column":37},"end":{"line":358,"column":1}},"112":{"start":{"line":355,"column":15},"end":{"line":355,"column":32}},"113":{"start":{"line":357,"column":2},"end":{"line":357,"column":39}}},"fnMap":{"0":{"name":"(anonymous_0)","decl":{"start":{"line":21,"column":29},"end":{"line":21,"column":30}},"loc":{"start":{"line":22,"column":2},"end":{"line":22,"column":54}},"line":22},"1":{"name":"(anonymous_1)","decl":{"start":{"line":22,"column":19},"end":{"line":22,"column":20}},"loc":{"start":{"line":22,"column":33},"end":{"line":22,"column":53}},"line":22},"2":{"name":"(anonymous_2)","decl":{"start":{"line":24,"column":37},"end":{"line":24,"column":38}},"loc":{"start":{"line":24,"column":77},"end":{"line":31,"column":1}},"line":24},"3":{"name":"(anonymous_3)","decl":{"start":{"line":33,"column":38},"end":{"line":33,"column":39}},"loc":{"start":{"line":35,"column":5},"end":{"line":46,"column":1}},"line":35},"4":{"name":"(anonymous_4)","decl":{"start":{"line":38,"column":28},"end":{"line":38,"column":29}},"loc":{"start":{"line":38,"column":34},"end":{"line":43,"column":3}},"line":38},"5":{"name":"(anonymous_5)","decl":{"start":{"line":48,"column":42},"end":{"line":48,"column":43}},"loc":{"start":{"line":48,"column":58},"end":{"line":60,"column":1}},"line":48},"6":{"name":"(anonymous_6)","decl":{"start":{"line":62,"column":48},"end":{"line":62,"column":49}},"loc":{"start":{"line":62,"column":60},"end":{"line":91,"column":1}},"line":62},"7":{"name":"(anonymous_7)","decl":{"start":{"line":72,"column":29},"end":{"line":72,"column":30}},"loc":{"start":{"line":72,"column":36},"end":{"line":85,"column":5}},"line":72},"8":{"name":"(anonymous_8)","decl":{"start":{"line":93,"column":38},"end":{"line":93,"column":39}},"loc":{"start":{"line":93,"column":50},"end":{"line":120,"column":1}},"line":93},"9":{"name":"(anonymous_9)","decl":{"start":{"line":106,"column":29},"end":{"line":106,"column":30}},"loc":{"start":{"line":106,"column":36},"end":{"line":113,"column":5}},"line":106},"10":{"name":"(anonymous_10)","decl":{"start":{"line":124,"column":51},"end":{"line":124,"column":52}},"loc":{"start":{"line":127,"column":38},"end":{"line":138,"column":1}},"line":127},"11":{"name":"(anonymous_11)","decl":{"start":{"line":142,"column":46},"end":{"line":142,"column":47}},"loc":{"start":{"line":145,"column":33},"end":{"line":151,"column":1}},"line":145},"12":{"name":"(anonymous_12)","decl":{"start":{"line":158,"column":52},"end":{"line":158,"column":53}},"loc":{"start":{"line":161,"column":51},"end":{"line":181,"column":1}},"line":161},"13":{"name":"(anonymous_13)","decl":{"start":{"line":183,"column":47},"end":{"line":183,"column":48}},"loc":{"start":{"line":192,"column":5},"end":{"line":236,"column":1}},"line":192},"14":{"name":"(anonymous_14)","decl":{"start":{"line":238,"column":48},"end":{"line":238,"column":49}},"loc":{"start":{"line":248,"column":5},"end":{"line":297,"column":1}},"line":248},"15":{"name":"(anonymous_15)","decl":{"start":{"line":299,"column":35},"end":{"line":299,"column":36}},"loc":{"start":{"line":300,"column":2},"end":{"line":300,"column":77}},"line":300},"16":{"name":"(anonymous_16)","decl":{"start":{"line":302,"column":54},"end":{"line":302,"column":55}},"loc":{"start":{"line":305,"column":2},"end":{"line":307,"column":42}},"line":305},"17":{"name":"(anonymous_17)","decl":{"start":{"line":309,"column":46},"end":{"line":309,"column":47}},"loc":{"start":{"line":313,"column":2},"end":{"line":321,"column":9}},"line":313},"18":{"name":"(anonymous_18)","decl":{"start":{"line":323,"column":52},"end":{"line":323,"column":53}},"loc":{"start":{"line":327,"column":2},"end":{"line":336,"column":9}},"line":327},"19":{"name":"(anonymous_19)","decl":{"start":{"line":338,"column":39},"end":{"line":338,"column":40}},"loc":{"start":{"line":341,"column":5},"end":{"line":352,"column":1}},"line":341},"20":{"name":"(anonymous_20)","decl":{"start":{"line":354,"column":37},"end":{"line":354,"column":38}},"loc":{"start":{"line":354,"column":66},"end":{"line":358,"column":1}},"line":354}},"branchMap":{"0":{"loc":{"start":{"line":26,"column":2},"end":{"line":30,"column":3}},"type":"if","locations":[{"start":{"line":26,"column":2},"end":{"line":30,"column":3}},{"start":{"line":28,"column":9},"end":{"line":30,"column":3}}],"line":26},"1":{"loc":{"start":{"line":28,"column":9},"end":{"line":30,"column":3}},"type":"if","locations":[{"start":{"line":28,"column":9},"end":{"line":30,"column":3}},{"start":{},"end":{}}],"line":28},"2":{"loc":{"start":{"line":40,"column":4},"end":{"line":42,"column":5}},"type":"if","locations":[{"start":{"line":40,"column":4},"end":{"line":42,"column":5}},{"start":{},"end":{}}],"line":40},"3":{"loc":{"start":{"line":50,"column":4},"end":{"line":52,"column":51}},"type":"binary-expr","locations":[{"start":{"line":50,"column":4},"end":{"line":50,"column":8}},{"start":{"line":51,"column":4},"end":{"line":51,"column":27}},{"start":{"line":52,"column":4},"end":{"line":52,"column":51}}],"line":50},"4":{"loc":{"start":{"line":54,"column":2},"end":{"line":59,"column":3}},"type":"if","locations":[{"start":{"line":54,"column":2},"end":{"line":59,"column":3}},{"start":{"line":57,"column":9},"end":{"line":59,"column":3}}],"line":54},"5":{"loc":{"start":{"line":65,"column":2},"end":{"line":90,"column":3}},"type":"if","locations":[{"start":{"line":65,"column":2},"end":{"line":90,"column":3}},{"start":{},"end":{}}],"line":65},"6":{"loc":{"start":{"line":75,"column":6},"end":{"line":84,"column":7}},"type":"if","locations":[{"start":{"line":75,"column":6},"end":{"line":84,"column":7}},{"start":{"line":82,"column":13},"end":{"line":84,"column":7}}],"line":75},"7":{"loc":{"start":{"line":79,"column":8},"end":{"line":81,"column":9}},"type":"if","locations":[{"start":{"line":79,"column":8},"end":{"line":81,"column":9}},{"start":{},"end":{}}],"line":79},"8":{"loc":{"start":{"line":82,"column":13},"end":{"line":84,"column":7}},"type":"if","locations":[{"start":{"line":82,"column":13},"end":{"line":84,"column":7}},{"start":{},"end":{}}],"line":82},"9":{"loc":{"start":{"line":87,"column":4},"end":{"line":89,"column":5}},"type":"if","locations":[{"start":{"line":87,"column":4},"end":{"line":89,"column":5}},{"start":{},"end":{}}],"line":87},"10":{"loc":{"start":{"line":98,"column":2},"end":{"line":119,"column":3}},"type":"if","locations":[{"start":{"line":98,"column":2},"end":{"line":119,"column":3}},{"start":{},"end":{}}],"line":98},"11":{"loc":{"start":{"line":129,"column":4},"end":{"line":133,"column":6}},"type":"binary-expr","locations":[{"start":{"line":129,"column":5},"end":{"line":129,"column":9}},{"start":{"line":130,"column":6},"end":{"line":130,"column":29}},{"start":{"line":131,"column":6},"end":{"line":131,"column":53}},{"start":{"line":132,"column":6},"end":{"line":132,"column":65}},{"start":{"line":133,"column":4},"end":{"line":133,"column":6}}],"line":129},"12":{"loc":{"start":{"line":147,"column":4},"end":{"line":147,"column":69}},"type":"binary-expr","locations":[{"start":{"line":147,"column":4},"end":{"line":147,"column":64}},{"start":{"line":147,"column":68},"end":{"line":147,"column":69}}],"line":147},"13":{"loc":{"start":{"line":164,"column":2},"end":{"line":166,"column":3}},"type":"if","locations":[{"start":{"line":164,"column":2},"end":{"line":166,"column":3}},{"start":{},"end":{}}],"line":164},"14":{"loc":{"start":{"line":172,"column":39},"end":{"line":174,"column":7}},"type":"cond-expr","locations":[{"start":{"line":173,"column":6},"end":{"line":173,"column":31}},{"start":{"line":174,"column":6},"end":{"line":174,"column":7}}],"line":172},"15":{"loc":{"start":{"line":206,"column":2},"end":{"line":210,"column":3}},"type":"if","locations":[{"start":{"line":206,"column":2},"end":{"line":210,"column":3}},{"start":{},"end":{}}],"line":206},"16":{"loc":{"start":{"line":212,"column":2},"end":{"line":216,"column":3}},"type":"if","locations":[{"start":{"line":212,"column":2},"end":{"line":216,"column":3}},{"start":{},"end":{}}],"line":212},"17":{"loc":{"start":{"line":218,"column":2},"end":{"line":222,"column":3}},"type":"if","locations":[{"start":{"line":218,"column":2},"end":{"line":222,"column":3}},{"start":{},"end":{}}],"line":218},"18":{"loc":{"start":{"line":224,"column":2},"end":{"line":233,"column":3}},"type":"if","locations":[{"start":{"line":224,"column":2},"end":{"line":233,"column":3}},{"start":{},"end":{}}],"line":224},"19":{"loc":{"start":{"line":260,"column":2},"end":{"line":268,"column":3}},"type":"if","locations":[{"start":{"line":260,"column":2},"end":{"line":268,"column":3}},{"start":{},"end":{}}],"line":260},"20":{"loc":{"start":{"line":260,"column":6},"end":{"line":260,"column":64}},"type":"binary-expr","locations":[{"start":{"line":260,"column":6},"end":{"line":260,"column":28}},{"start":{"line":260,"column":32},"end":{"line":260,"column":64}}],"line":260},"21":{"loc":{"start":{"line":272,"column":2},"end":{"line":276,"column":3}},"type":"if","locations":[{"start":{"line":272,"column":2},"end":{"line":276,"column":3}},{"start":{},"end":{}}],"line":272},"22":{"loc":{"start":{"line":278,"column":2},"end":{"line":282,"column":3}},"type":"if","locations":[{"start":{"line":278,"column":2},"end":{"line":282,"column":3}},{"start":{},"end":{}}],"line":278},"23":{"loc":{"start":{"line":294,"column":27},"end":{"line":294,"column":51}},"type":"binary-expr","locations":[{"start":{"line":294,"column":27},"end":{"line":294,"column":46}},{"start":{"line":294,"column":50},"end":{"line":294,"column":51}}],"line":294},"24":{"loc":{"start":{"line":300,"column":2},"end":{"line":300,"column":77}},"type":"binary-expr","locations":[{"start":{"line":300,"column":2},"end":{"line":300,"column":6}},{"start":{"line":300,"column":10},"end":{"line":300,"column":33}},{"start":{"line":300,"column":37},"end":{"line":300,"column":77}}],"line":300},"25":{"loc":{"start":{"line":305,"column":2},"end":{"line":307,"column":42}},"type":"binary-expr","locations":[{"start":{"line":305,"column":2},"end":{"line":305,"column":19}},{"start":{"line":306,"column":2},"end":{"line":306,"column":39}},{"start":{"line":307,"column":2},"end":{"line":307,"column":42}}],"line":305},"26":{"loc":{"start":{"line":313,"column":2},"end":{"line":321,"column":9}},"type":"binary-expr","locations":[{"start":{"line":313,"column":2},"end":{"line":313,"column":6}},{"start":{"line":314,"column":2},"end":{"line":314,"column":25}},{"start":{"line":315,"column":2},"end":{"line":315,"column":42}},{"start":{"line":316,"column":2},"end":{"line":318,"column":3}},{"start":{"line":319,"column":2},"end":{"line":321,"column":9}}],"line":313},"27":{"loc":{"start":{"line":327,"column":2},"end":{"line":336,"column":9}},"type":"binary-expr","locations":[{"start":{"line":327,"column":2},"end":{"line":327,"column":47}},{"start":{"line":328,"column":2},"end":{"line":328,"column":6}},{"start":{"line":329,"column":2},"end":{"line":329,"column":25}},{"start":{"line":330,"column":2},"end":{"line":330,"column":42}},{"start":{"line":331,"column":2},"end":{"line":333,"column":3}},{"start":{"line":334,"column":2},"end":{"line":336,"column":9}}],"line":327},"28":{"loc":{"start":{"line":343,"column":4},"end":{"line":345,"column":47}},"type":"binary-expr","locations":[{"start":{"line":343,"column":4},"end":{"line":343,"column":8}},{"start":{"line":344,"column":4},"end":{"line":344,"column":27}},{"start":{"line":345,"column":4},"end":{"line":345,"column":47}}],"line":343},"29":{"loc":{"start":{"line":349,"column":2},"end":{"line":351,"column":3}},"type":"if","locations":[{"start":{"line":349,"column":2},"end":{"line":351,"column":3}},{"start":{},"end":{}}],"line":349},"30":{"loc":{"start":{"line":349,"column":6},"end":{"line":349,"column":64}},"type":"binary-expr","locations":[{"start":{"line":349,"column":6},"end":{"line":349,"column":47}},{"start":{"line":349,"column":51},"end":{"line":349,"column":64}}],"line":349},"31":{"loc":{"start":{"line":357,"column":12},"end":{"line":357,"column":37}},"type":"binary-expr","locations":[{"start":{"line":357,"column":12},"end":{"line":357,"column":16}},{"start":{"line":357,"column":20},"end":{"line":357,"column":37}}],"line":357}},"s":{"0":2,"1":0,"2":0,"3":2,"4":0,"5":0,"6":0,"7":0,"8":0,"9":2,"10":0,"11":0,"12":0,"13":0,"14":0,"15":0,"16":2,"17":0,"18":0,"19":0,"20":0,"21":0,"22":2,"23":0,"24":0,"25":0,"26":0,"27":0,"28":0,"29":0,"30":0,"31":0,"32":0,"33":0,"34":0,"35":0,"36":0,"37":0,"38":0,"39":0,"40":0,"41":0,"42":2,"43":0,"44":0,"45":0,"46":0,"47":0,"48":0,"49":0,"50":0,"51":0,"52":0,"53":0,"54":0,"55":0,"56":0,"57":0,"58":2,"59":3,"60":3,"61":3,"62":2,"63":2,"64":2,"65":2,"66":2,"67":0,"68":0,"69":0,"70":0,"71":0,"72":0,"73":0,"74":0,"75":2,"76":2,"77":2,"78":2,"79":2,"80":2,"81":2,"82":2,"83":2,"84":2,"85":1,"86":2,"87":2,"88":0,"89":0,"90":0,"91":0,"92":0,"93":0,"94":0,"95":0,"96":0,"97":0,"98":2,"99":0,"100":2,"101":0,"102":2,"103":2,"104":2,"105":0,"106":2,"107":2,"108":2,"109":2,"110":1,"111":2,"112":0,"113":0},"f":{"0":0,"1":0,"2":0,"3":0,"4":0,"5":0,"6":0,"7":0,"8":0,"9":0,"10":3,"11":2,"12":0,"13":2,"14":0,"15":0,"16":0,"17":2,"18":0,"19":2,"20":0},"b":{"0":[0,0],"1":[0,0],"2":[0,0],"3":[0,0,0],"4":[0,0],"5":[0,0],"6":[0,0],"7":[0,0],"8":[0,0],"9":[0,0],"10":[0,0],"11":[3,3,3,2,1],"12":[2,1],"13":[0,0],"14":[0,0],"15":[2,0],"16":[2,0],"17":[2,0],"18":[1,1],"19":[0,0],"20":[0,0],"21":[0,0],"22":[0,0],"23":[0,0],"24":[0,0,0],"25":[0,0,0],"26":[2,2,2,1,1],"27":[0,0,0,0,0,0],"28":[2,2,2],"29":[1,1],"30":[2,2],"31":[0,0]},"_coverageSchema":"1a1c01bbd47fc00a2c39e90264f33305004495a9","hash":"3e5ac0e733cee09c0edddc9a18c61659e28caadd"}
,"/Users/sean/Documents/dev/observer/src/utils/streaks.ts": {"path":"/Users/sean/Documents/dev/observer/src/utils/streaks.ts","statementMap":{"0":{"start":{"line":6,"column":33},"end":{"line":8,"column":1}},"1":{"start":{"line":7,"column":2},"end":{"line":7,"column":42}},"2":{"start":{"line":10,"column":36},"end":{"line":21,"column":2}},"3":{"start":{"line":13,"column":12},"end":{"line":21,"column":1}},"4":{"start":{"line":23,"column":34},"end":{"line":29,"column":1}},"5":{"start":{"line":24,"column":2},"end":{"line":28,"column":4}},"6":{"start":{"line":31,"column":31},"end":{"line":67,"column":1}},"7":{"start":{"line":35,"column":13},"end":{"line":35,"column":27}},"8":{"start":{"line":36,"column":21},"end":{"line":36,"column":27}},"9":{"start":{"line":37,"column":23},"end":{"line":37,"column":31}},"10":{"start":{"line":38,"column":22},"end":{"line":38,"column":29}},"11":{"start":{"line":40,"column":23},"end":{"line":40,"column":46}},"12":{"start":{"line":41,"column":25},"end":{"line":41,"column":50}},"13":{"start":{"line":42,"column":24},"end":{"line":42,"column":48}},"14":{"start":{"line":45,"column":2},"end":{"line":64,"column":3}},"15":{"start":{"line":46,"column":29},"end":{"line":48,"column":5}},"16":{"start":{"line":49,"column":30},"end":{"line":49,"column":50}},"17":{"start":{"line":50,"column":32},"end":{"line":50,"column":54}},"18":{"start":{"line":51,"column":31},"end":{"line":51,"column":52}},"19":{"start":{"line":53,"column":4},"end":{"line":63,"column":5}},"20":{"start":{"line":57,"column":6},"end":{"line":57,"column":24}},"21":{"start":{"line":59,"column":6},"end":{"line":62,"column":8}},"22":{"start":{"line":66,"column":2},"end":{"line":66,"column":20}},"23":{"start":{"line":69,"column":25},"end":{"line":147,"column":1}},"24":{"start":{"line":73,"column":13},"end":{"line":73,"column":27}},"25":{"start":{"line":74,"column":21},"end":{"line":74,"column":27}},"26":{"start":{"line":75,"column":23},"end":{"line":75,"column":31}},"27":{"start":{"line":76,"column":22},"end":{"line":76,"column":29}},"28":{"start":{"line":78,"column":23},"end":{"line":78,"column":46}},"29":{"start":{"line":79,"column":25},"end":{"line":79,"column":50}},"30":{"start":{"line":80,"column":24},"end":{"line":80,"column":48}},"31":{"start":{"line":82,"column":2},"end":{"line":146,"column":3}},"32":{"start":{"line":83,"column":29},"end":{"line":85,"column":5}},"33":{"start":{"line":86,"column":30},"end":{"line":86,"column":50}},"34":{"start":{"line":87,"column":32},"end":{"line":87,"column":54}},"35":{"start":{"line":88,"column":31},"end":{"line":88,"column":52}},"36":{"start":{"line":90,"column":4},"end":{"line":135,"column":5}},"37":{"start":{"line":97,"column":6},"end":{"line":102,"column":8}},"38":{"start":{"line":103,"column":11},"end":{"line":135,"column":5}},"39":{"start":{"line":108,"column":28},"end":{"line":108,"column":51}},"40":{"start":{"line":109,"column":28},"end":{"line":109,"column":51}},"41":{"start":{"line":110,"column":35},"end":{"line":110,"column":52}},"42":{"start":{"line":111,"column":33},"end":{"line":111,"column":46}},"43":{"start":{"line":112,"column":29},"end":{"line":112,"column":34}},"44":{"start":{"line":114,"column":6},"end":{"line":117,"column":7}},"45":{"start":{"line":115,"column":8},"end":{"line":115,"column":52}},"46":{"start":{"line":116,"column":8},"end":{"line":116,"column":32}},"47":{"start":{"line":118,"column":6},"end":{"line":123,"column":8}},"48":{"start":{"line":125,"column":35},"end":{"line":125,"column":36}},"49":{"start":{"line":126,"column":35},"end":{"line":126,"column":58}},"50":{"start":{"line":127,"column":31},"end":{"line":127,"column":55}},"51":{"start":{"line":129,"column":6},"end":{"line":134,"column":8}},"52":{"start":{"line":137,"column":33},"end":{"line":137,"column":34}},"53":{"start":{"line":138,"column":33},"end":{"line":138,"column":56}},"54":{"start":{"line":140,"column":4},"end":{"line":145,"column":6}},"55":{"start":{"line":156,"column":37},"end":{"line":162,"column":1}},"56":{"start":{"line":160,"column":21},"end":{"line":160,"column":44}},"57":{"start":{"line":161,"column":2},"end":{"line":161,"column":54}}},"fnMap":{"0":{"name":"(anonymous_0)","decl":{"start":{"line":6,"column":33},"end":{"line":6,"column":34}},"loc":{"start":{"line":6,"column":49},"end":{"line":8,"column":1}},"line":6},"1":{"name":"(anonymous_1)","decl":{"start":{"line":10,"column":36},"end":{"line":10,"column":37}},"loc":{"start":{"line":13,"column":12},"end":{"line":21,"column":1}},"line":13},"2":{"name":"(anonymous_2)","decl":{"start":{"line":23,"column":34},"end":{"line":23,"column":35}},"loc":{"start":{"line":23,"column":63},"end":{"line":29,"column":1}},"line":23},"3":{"name":"(anonymous_3)","decl":{"start":{"line":31,"column":31},"end":{"line":31,"column":32}},"loc":{"start":{"line":34,"column":18},"end":{"line":67,"column":1}},"line":34},"4":{"name":"(anonymous_4)","decl":{"start":{"line":69,"column":25},"end":{"line":69,"column":26}},"loc":{"start":{"line":72,"column":5},"end":{"line":147,"column":1}},"line":72},"5":{"name":"(anonymous_5)","decl":{"start":{"line":156,"column":37},"end":{"line":156,"column":38}},"loc":{"start":{"line":159,"column":24},"end":{"line":162,"column":1}},"line":159}},"branchMap":{"0":{"loc":{"start":{"line":45,"column":2},"end":{"line":64,"column":3}},"type":"if","locations":[{"start":{"line":45,"column":2},"end":{"line":64,"column":3}},{"start":{},"end":{}}],"line":45},"1":{"loc":{"start":{"line":45,"column":6},"end":{"line":45,"column":58}},"type":"binary-expr","locations":[{"start":{"line":45,"column":6},"end":{"line":45,"column":20}},{"start":{"line":45,"column":24},"end":{"line":45,"column":58}}],"line":45},"2":{"loc":{"start":{"line":53,"column":4},"end":{"line":63,"column":5}},"type":"if","locations":[{"start":{"line":53,"column":4},"end":{"line":63,"column":5}},{"start":{"line":58,"column":11},"end":{"line":63,"column":5}}],"line":53},"3":{"loc":{"start":{"line":54,"column":6},"end":{"line":55,"column":122}},"type":"binary-expr","locations":[{"start":{"line":54,"column":6},"end":{"line":54,"column":38}},{"start":{"line":54,"column":42},"end":{"line":54,"column":78}},{"start":{"line":54,"column":82},"end":{"line":54,"column":116}},{"start":{"line":55,"column":6},"end":{"line":55,"column":40}},{"start":{"line":55,"column":44},"end":{"line":55,"column":82}},{"start":{"line":55,"column":86},"end":{"line":55,"column":122}}],"line":54},"4":{"loc":{"start":{"line":82,"column":2},"end":{"line":146,"column":3}},"type":"if","locations":[{"start":{"line":82,"column":2},"end":{"line":146,"column":3}},{"start":{"line":136,"column":9},"end":{"line":146,"column":3}}],"line":82},"5":{"loc":{"start":{"line":82,"column":6},"end":{"line":82,"column":58}},"type":"binary-expr","locations":[{"start":{"line":82,"column":6},"end":{"line":82,"column":20}},{"start":{"line":82,"column":24},"end":{"line":82,"column":58}}],"line":82},"6":{"loc":{"start":{"line":90,"column":4},"end":{"line":135,"column":5}},"type":"if","locations":[{"start":{"line":90,"column":4},"end":{"line":135,"column":5}},{"start":{"line":103,"column":11},"end":{"line":135,"column":5}}],"line":90},"7":{"loc":{"start":{"line":91,"column":6},"end":{"line":95,"column":24}},"type":"binary-expr","locations":[{"start":{"line":91,"column":6},"end":{"line":91,"column":38}},{"start":{"line":92,"column":6},"end":{"line":92,"column":42}},{"start":{"line":93,"column":6},"end":{"line":93,"column":40}},{"start":{"line":94,"column":6},"end":{"line":94,"column":24}},{"start":{"line":95,"column":6},"end":{"line":95,"column":24}}],"line":91},"8":{"loc":{"start":{"line":103,"column":11},"end":{"line":135,"column":5}},"type":"if","locations":[{"start":{"line":103,"column":11},"end":{"line":135,"column":5}},{"start":{"line":124,"column":11},"end":{"line":135,"column":5}}],"line":103},"9":{"loc":{"start":{"line":104,"column":6},"end":{"line":106,"column":42}},"type":"binary-expr","locations":[{"start":{"line":104,"column":6},"end":{"line":104,"column":40}},{"start":{"line":105,"column":6},"end":{"line":105,"column":44}},{"start":{"line":106,"column":6},"end":{"line":106,"column":42}}],"line":104},"10":{"loc":{"start":{"line":108,"column":28},"end":{"line":108,"column":51}},"type":"binary-expr","locations":[{"start":{"line":108,"column":28},"end":{"line":108,"column":46}},{"start":{"line":108,"column":50},"end":{"line":108,"column":51}}],"line":108},"11":{"loc":{"start":{"line":109,"column":28},"end":{"line":109,"column":51}},"type":"binary-expr","locations":[{"start":{"line":109,"column":28},"end":{"line":109,"column":46}},{"start":{"line":109,"column":50},"end":{"line":109,"column":51}}],"line":109},"12":{"loc":{"start":{"line":114,"column":6},"end":{"line":117,"column":7}},"type":"if","locations":[{"start":{"line":114,"column":6},"end":{"line":117,"column":7}},{"start":{},"end":{}}],"line":114},"13":{"loc":{"start":{"line":126,"column":35},"end":{"line":126,"column":58}},"type":"binary-expr","locations":[{"start":{"line":126,"column":35},"end":{"line":126,"column":53}},{"start":{"line":126,"column":57},"end":{"line":126,"column":58}}],"line":126},"14":{"loc":{"start":{"line":138,"column":33},"end":{"line":138,"column":56}},"type":"binary-expr","locations":[{"start":{"line":138,"column":33},"end":{"line":138,"column":51}},{"start":{"line":138,"column":55},"end":{"line":138,"column":56}}],"line":138}},"s":{"0":2,"1":11,"2":2,"3":1,"4":2,"5":1,"6":2,"7":8,"8":8,"9":8,"10":8,"11":8,"12":8,"13":8,"14":8,"15":6,"16":6,"17":6,"18":6,"19":6,"20":4,"21":2,"22":2,"23":2,"24":9,"25":9,"26":9,"27":9,"28":9,"29":9,"30":9,"31":9,"32":7,"33":7,"34":7,"35":7,"36":7,"37":2,"38":5,"39":4,"40":4,"41":4,"42":4,"43":4,"44":4,"45":2,"46":2,"47":4,"48":1,"49":1,"50":1,"51":1,"52":2,"53":2,"54":2,"55":2,"56":9,"57":9},"f":{"0":11,"1":1,"2":1,"3":8,"4":9,"5":9},"b":{"0":[6,2],"1":[8,7],"2":[4,2],"3":[6,2,2,4,2,2],"4":[7,2],"5":[9,7],"6":[2,5],"7":[7,2,2,2,2],"8":[4,1],"9":[5,4,4],"10":[4,0],"11":[4,0],"12":[2,2],"13":[1,0],"14":[2,2]},"_coverageSchema":"1a1c01bbd47fc00a2c39e90264f33305004495a9","hash":"c07c75647abd7f43a399e846f178929ca22511bc"}
,"/Users/sean/Documents/dev/observer/src/utils/meditations/meditations.ts": {"path":"/Users/sean/Documents/dev/observer/src/utils/meditations/meditations.ts","statementMap":{"0":{"start":{"line":7,"column":35},"end":{"line":8,"column":50}},"1":{"start":{"line":8,"column":2},"end":{"line":8,"column":50}},"2":{"start":{"line":10,"column":41},"end":{"line":15,"column":42}},"3":{"start":{"line":13,"column":2},"end":{"line":15,"column":42}},"4":{"start":{"line":17,"column":39},"end":{"line":25,"column":1}},"5":{"start":{"line":20,"column":31},"end":{"line":20,"column":63}},"6":{"start":{"line":21,"column":37},"end":{"line":21,"column":74}},"7":{"start":{"line":22,"column":35},"end":{"line":22,"column":75}},"8":{"start":{"line":23,"column":33},"end":{"line":23,"column":76}},"9":{"start":{"line":23,"column":69},"end":{"line":23,"column":75}},"10":{"start":{"line":24,"column":2},"end":{"line":24,"column":42}},"11":{"start":{"line":27,"column":28},"end":{"line":31,"column":1}},"12":{"start":{"line":28,"column":23},"end":{"line":28,"column":27}},"13":{"start":{"line":30,"column":2},"end":{"line":30,"column":41}},"14":{"start":{"line":33,"column":37},"end":{"line":35,"column":1}},"15":{"start":{"line":34,"column":2},"end":{"line":34,"column":36}}},"fnMap":{"0":{"name":"(anonymous_0)","decl":{"start":{"line":7,"column":35},"end":{"line":7,"column":36}},"loc":{"start":{"line":8,"column":2},"end":{"line":8,"column":50}},"line":8},"1":{"name":"(anonymous_1)","decl":{"start":{"line":10,"column":41},"end":{"line":10,"column":42}},"loc":{"start":{"line":13,"column":2},"end":{"line":15,"column":42}},"line":13},"2":{"name":"(anonymous_2)","decl":{"start":{"line":17,"column":39},"end":{"line":17,"column":40}},"loc":{"start":{"line":19,"column":5},"end":{"line":25,"column":1}},"line":19},"3":{"name":"(anonymous_3)","decl":{"start":{"line":23,"column":62},"end":{"line":23,"column":63}},"loc":{"start":{"line":23,"column":69},"end":{"line":23,"column":75}},"line":23},"4":{"name":"(anonymous_4)","decl":{"start":{"line":27,"column":28},"end":{"line":27,"column":29}},"loc":{"start":{"line":27,"column":48},"end":{"line":31,"column":1}},"line":27},"5":{"name":"(anonymous_5)","decl":{"start":{"line":33,"column":37},"end":{"line":33,"column":38}},"loc":{"start":{"line":33,"column":60},"end":{"line":35,"column":1}},"line":33}},"branchMap":{"0":{"loc":{"start":{"line":13,"column":2},"end":{"line":15,"column":42}},"type":"binary-expr","locations":[{"start":{"line":13,"column":2},"end":{"line":13,"column":19}},{"start":{"line":14,"column":2},"end":{"line":14,"column":39}},{"start":{"line":15,"column":2},"end":{"line":15,"column":42}}],"line":13}},"s":{"0":2,"1":0,"2":2,"3":3,"4":2,"5":4,"6":4,"7":4,"8":4,"9":9,"10":4,"11":2,"12":8,"13":8,"14":2,"15":3},"f":{"0":0,"1":3,"2":4,"3":9,"4":8,"5":3},"b":{"0":[3,2,2]},"_coverageSchema":"1a1c01bbd47fc00a2c39e90264f33305004495a9","hash":"39a7d16fe818868b331388ec9e78f4ea75b2ac93"}
}
