TN:
SF:src/fb/auth.tsx
FN:18,(anonymous_0)
FN:42,(anonymous_1)
FN:78,(anonymous_2)
FN:117,(anonymous_3)
FN:139,(anonymous_4)
FN:169,(anonymous_5)
FN:175,(anonymous_6)
FN:180,(anonymous_7)
FN:183,(anonymous_8)
FN:187,(anonymous_9)
FN:193,(anonymous_10)
FN:198,(anonymous_11)
FN:202,(anonymous_12)
FNF:13
FNH:13
FNDA:8,(anonymous_0)
FNDA:6,(anonymous_1)
FNDA:4,(anonymous_2)
FNDA:3,(anonymous_3)
FNDA:3,(anonymous_4)
FNDA:3,(anonymous_5)
FNDA:1,(anonymous_6)
FNDA:2,(anonymous_7)
FNDA:1,(anonymous_8)
FNDA:1,(anonymous_9)
FNDA:2,(anonymous_10)
FNDA:1,(anonymous_11)
FNDA:1,(anonymous_12)
DA:18,1
DA:19,8
DA:21,2
DA:23,2
DA:25,1
DA:27,1
DA:29,1
DA:31,0
DA:33,1
DA:35,0
DA:37,0
DA:42,1
DA:46,6
DA:47,6
DA:48,6
DA:49,2
DA:51,2
DA:52,1
DA:53,1
DA:55,1
DA:60,1
DA:66,4
DA:67,4
DA:69,4
DA:78,1
DA:82,4
DA:83,4
DA:84,4
DA:85,2
DA:87,2
DA:88,1
DA:89,1
DA:92,1
DA:94,1
DA:99,1
DA:105,2
DA:106,2
DA:108,2
DA:117,1
DA:118,3
DA:119,3
DA:120,3
DA:121,1
DA:123,1
DA:127,2
DA:128,2
DA:130,2
DA:139,1
DA:140,3
DA:141,3
DA:142,3
DA:143,1
DA:149,2
DA:150,2
DA:151,2
DA:153,2
DA:157,0
DA:158,0
DA:160,0
DA:169,1
DA:170,3
DA:171,3
DA:175,1
DA:176,1
DA:180,1
DA:181,2
DA:184,1
DA:185,1
DA:188,1
DA:189,1
DA:193,1
DA:194,2
DA:196,2
DA:199,1
DA:200,1
DA:203,1
DA:204,1
LF:77
LH:71
BRDA:19,0,0,2
BRDA:19,0,1,2
BRDA:19,0,2,1
BRDA:19,0,3,1
BRDA:19,0,4,1
BRDA:19,0,5,0
BRDA:19,0,6,1
BRDA:19,0,7,0
BRDA:19,0,8,0
BRDA:37,1,0,0
BRDA:37,1,1,0
BRDA:51,2,0,1
BRDA:51,2,1,1
BRDA:87,3,0,1
BRDA:87,3,1,1
BRDA:142,4,0,1
BRDA:142,4,1,2
BRDA:171,5,0,3
BRDA:171,5,1,2
BRF:19
BRH:14
end_of_record
TN:
SF:src/services/matchingService.ts
FN:18,makeRelativeFilePath
FN:27,matchByExactSize
FN:40,matchBySizePrefix
FN:54,matchByFileName
FN:80,matchFileToMeditation
FN:116,makeFilePathDataList
FN:123,(anonymous_6)
FNF:7
FNH:7
FNDA:14,makeRelativeFilePath
FNDA:11,matchByExactSize
FNDA:5,matchBySizePrefix
FNDA:4,matchByFileName
FNDA:12,matchFileToMeditation
FNDA:12,makeFilePathDataList
FNDA:12,(anonymous_6)
DA:19,14
DA:20,14
DA:21,14
DA:31,11
DA:32,23
DA:33,23
DA:34,6
DA:37,5
DA:44,5
DA:45,5
DA:46,14
DA:47,14
DA:48,1
DA:51,4
DA:58,4
DA:59,9
DA:60,9
DA:61,7
DA:63,7
DA:64,7
DA:65,7
DA:66,7
DA:67,7
DA:68,2
DA:71,0
DA:77,2
DA:83,12
DA:84,12
DA:85,1
DA:88,11
DA:89,11
DA:90,11
DA:92,11
DA:95,11
DA:96,11
DA:100,11
DA:101,5
DA:105,11
DA:106,4
DA:109,11
DA:110,9
DA:113,2
DA:120,12
DA:121,12
DA:123,12
DA:124,12
DA:125,12
DA:126,9
DA:128,3
DA:129,3
DA:138,12
LF:51
LH:50
BRDA:19,0,0,14
BRDA:19,0,1,0
BRDA:19,1,0,14
BRDA:19,1,1,14
BRDA:33,2,0,6
BRDA:33,2,1,17
BRDA:33,3,0,23
BRDA:33,3,1,18
BRDA:47,4,0,1
BRDA:47,4,1,13
BRDA:47,5,0,14
BRDA:47,5,1,10
BRDA:60,6,0,7
BRDA:60,6,1,2
BRDA:64,7,0,7
BRDA:64,7,1,0
BRDA:67,8,0,2
BRDA:67,8,1,5
BRDA:84,9,0,1
BRDA:84,9,1,11
BRDA:95,10,0,11
BRDA:95,10,1,0
BRDA:100,11,0,5
BRDA:100,11,1,6
BRDA:100,12,0,11
BRDA:100,12,1,5
BRDA:105,13,0,4
BRDA:105,13,1,7
BRDA:105,14,0,11
BRDA:105,14,1,4
BRDA:109,15,0,9
BRDA:109,15,1,2
BRDA:109,16,0,11
BRDA:109,16,1,9
BRDA:125,17,0,9
BRDA:125,17,1,3
BRDA:128,18,0,3
BRDA:128,18,1,0
BRF:38
BRH:34
end_of_record
TN:
SF:src/utils/addMeditations.tsx
FN:17,(anonymous_0)
FN:21,(anonymous_1)
FN:25,(anonymous_2)
FN:30,(anonymous_3)
FN:45,(anonymous_4)
FNF:5
FNH:5
FNDA:6,(anonymous_0)
FNDA:4,(anonymous_1)
FNDA:4,(anonymous_2)
FNDA:3,(anonymous_3)
FNDA:6,(anonymous_4)
DA:17,1
DA:18,6
DA:20,6
DA:21,2
DA:22,4
DA:23,4
DA:25,4
DA:26,4
DA:30,4
DA:31,3
DA:34,4
DA:35,4
DA:36,1
DA:42,6
DA:45,1
DA:54,6
DA:55,6
DA:56,6
DA:58,6
DA:63,6
DA:68,6
DA:70,6
DA:71,2
DA:72,2
DA:75,6
DA:76,2
DA:77,2
DA:78,2
DA:79,2
DA:80,1
DA:84,6
LF:31
LH:31
BRDA:20,0,0,2
BRDA:20,0,1,4
BRDA:26,1,0,4
BRDA:26,1,1,3
BRDA:26,1,2,3
BRDA:31,2,0,3
BRDA:31,2,1,2
BRDA:34,3,0,4
BRDA:34,3,1,0
BRDA:34,4,0,4
BRDA:34,4,1,4
BRDA:35,5,0,1
BRDA:35,5,1,3
BRDA:35,6,0,4
BRDA:35,6,1,3
BRDA:70,7,0,2
BRDA:70,7,1,4
BRDA:75,8,0,2
BRDA:75,8,1,4
BRDA:79,9,0,1
BRDA:79,9,1,1
BRDA:79,10,0,2
BRDA:79,10,1,2
BRF:23
BRH:22
end_of_record
TN:
SF:src/utils/meditation.ts
FN:21,(anonymous_0)
FN:22,(anonymous_1)
FN:24,(anonymous_2)
FN:33,(anonymous_3)
FN:38,(anonymous_4)
FN:48,(anonymous_5)
FN:62,(anonymous_6)
FN:72,(anonymous_7)
FN:93,(anonymous_8)
FN:106,(anonymous_9)
FN:124,(anonymous_10)
FN:142,(anonymous_11)
FN:158,(anonymous_12)
FN:183,(anonymous_13)
FN:238,(anonymous_14)
FN:299,(anonymous_15)
FN:302,(anonymous_16)
FN:309,(anonymous_17)
FN:323,(anonymous_18)
FN:338,(anonymous_19)
FN:354,(anonymous_20)
FNF:21
FNH:5
FNDA:0,(anonymous_0)
FNDA:0,(anonymous_1)
FNDA:0,(anonymous_2)
FNDA:0,(anonymous_3)
FNDA:0,(anonymous_4)
FNDA:0,(anonymous_5)
FNDA:0,(anonymous_6)
FNDA:0,(anonymous_7)
FNDA:0,(anonymous_8)
FNDA:0,(anonymous_9)
FNDA:3,(anonymous_10)
FNDA:2,(anonymous_11)
FNDA:0,(anonymous_12)
FNDA:2,(anonymous_13)
FNDA:0,(anonymous_14)
FNDA:0,(anonymous_15)
FNDA:0,(anonymous_16)
FNDA:2,(anonymous_17)
FNDA:0,(anonymous_18)
FNDA:2,(anonymous_19)
FNDA:0,(anonymous_20)
DA:21,2
DA:22,0
DA:24,2
DA:25,0
DA:26,0
DA:27,0
DA:28,0
DA:29,0
DA:33,2
DA:36,0
DA:38,0
DA:39,0
DA:40,0
DA:41,0
DA:45,0
DA:48,2
DA:50,0
DA:54,0
DA:55,0
DA:56,0
DA:58,0
DA:62,2
DA:63,0
DA:65,0
DA:66,0
DA:67,0
DA:68,0
DA:69,0
DA:70,0
DA:72,0
DA:73,0
DA:75,0
DA:76,0
DA:77,0
DA:78,0
DA:79,0
DA:80,0
DA:82,0
DA:83,0
DA:87,0
DA:88,0
DA:93,2
DA:94,0
DA:96,0
DA:98,0
DA:99,0
DA:100,0
DA:101,0
DA:102,0
DA:104,0
DA:106,0
DA:107,0
DA:108,0
DA:112,0
DA:115,0
DA:116,0
DA:118,0
DA:124,2
DA:129,3
DA:135,3
DA:137,3
DA:142,2
DA:147,2
DA:148,2
DA:150,2
DA:158,2
DA:162,0
DA:164,0
DA:165,0
DA:167,0
DA:168,0
DA:172,0
DA:175,0
DA:177,0
DA:183,2
DA:194,2
DA:196,2
DA:206,2
DA:207,2
DA:212,2
DA:213,2
DA:218,2
DA:219,2
DA:224,2
DA:225,1
DA:235,2
DA:238,2
DA:250,0
DA:252,0
DA:260,0
DA:261,0
DA:270,0
DA:272,0
DA:273,0
DA:278,0
DA:279,0
DA:284,0
DA:299,2
DA:300,0
DA:302,2
DA:305,0
DA:309,2
DA:313,2
DA:323,2
DA:327,0
DA:338,2
DA:343,2
DA:347,2
DA:349,2
DA:350,1
DA:354,2
DA:355,0
DA:357,0
LF:113
LH:39
BRDA:26,0,0,0
BRDA:26,0,1,0
BRDA:28,1,0,0
BRDA:28,1,1,0
BRDA:40,2,0,0
BRDA:40,2,1,0
BRDA:50,3,0,0
BRDA:50,3,1,0
BRDA:50,3,2,0
BRDA:54,4,0,0
BRDA:54,4,1,0
BRDA:65,5,0,0
BRDA:65,5,1,0
BRDA:75,6,0,0
BRDA:75,6,1,0
BRDA:79,7,0,0
BRDA:79,7,1,0
BRDA:82,8,0,0
BRDA:82,8,1,0
BRDA:87,9,0,0
BRDA:87,9,1,0
BRDA:98,10,0,0
BRDA:98,10,1,0
BRDA:129,11,0,3
BRDA:129,11,1,3
BRDA:129,11,2,3
BRDA:129,11,3,2
BRDA:129,11,4,1
BRDA:147,12,0,2
BRDA:147,12,1,1
BRDA:164,13,0,0
BRDA:164,13,1,0
BRDA:172,14,0,0
BRDA:172,14,1,0
BRDA:206,15,0,2
BRDA:206,15,1,0
BRDA:212,16,0,2
BRDA:212,16,1,0
BRDA:218,17,0,2
BRDA:218,17,1,0
BRDA:224,18,0,1
BRDA:224,18,1,1
BRDA:260,19,0,0
BRDA:260,19,1,0
BRDA:260,20,0,0
BRDA:260,20,1,0
BRDA:272,21,0,0
BRDA:272,21,1,0
BRDA:278,22,0,0
BRDA:278,22,1,0
BRDA:294,23,0,0
BRDA:294,23,1,0
BRDA:300,24,0,0
BRDA:300,24,1,0
BRDA:300,24,2,0
BRDA:305,25,0,0
BRDA:305,25,1,0
BRDA:305,25,2,0
BRDA:313,26,0,2
BRDA:313,26,1,2
BRDA:313,26,2,2
BRDA:313,26,3,1
BRDA:313,26,4,1
BRDA:327,27,0,0
BRDA:327,27,1,0
BRDA:327,27,2,0
BRDA:327,27,3,0
BRDA:327,27,4,0
BRDA:327,27,5,0
BRDA:343,28,0,2
BRDA:343,28,1,2
BRDA:343,28,2,2
BRDA:349,29,0,1
BRDA:349,29,1,1
BRDA:349,30,0,2
BRDA:349,30,1,2
BRDA:357,31,0,0
BRDA:357,31,1,0
BRF:78
BRH:24
end_of_record
TN:
SF:src/utils/streaks.ts
FN:6,(anonymous_0)
FN:10,(anonymous_1)
FN:23,(anonymous_2)
FN:31,(anonymous_3)
FN:69,(anonymous_4)
FN:156,(anonymous_5)
FNF:6
FNH:6
FNDA:11,(anonymous_0)
FNDA:1,(anonymous_1)
FNDA:1,(anonymous_2)
FNDA:8,(anonymous_3)
FNDA:9,(anonymous_4)
FNDA:9,(anonymous_5)
DA:6,2
DA:7,11
DA:10,2
DA:13,1
DA:23,2
DA:24,1
DA:31,2
DA:35,8
DA:36,8
DA:37,8
DA:38,8
DA:40,8
DA:41,8
DA:42,8
DA:45,8
DA:46,6
DA:49,6
DA:50,6
DA:51,6
DA:53,6
DA:57,4
DA:59,2
DA:66,2
DA:69,2
DA:73,9
DA:74,9
DA:75,9
DA:76,9
DA:78,9
DA:79,9
DA:80,9
DA:82,9
DA:83,7
DA:86,7
DA:87,7
DA:88,7
DA:90,7
DA:97,2
DA:103,5
DA:108,4
DA:109,4
DA:110,4
DA:111,4
DA:112,4
DA:114,4
DA:115,2
DA:116,2
DA:118,4
DA:125,1
DA:126,1
DA:127,1
DA:129,1
DA:137,2
DA:138,2
DA:140,2
DA:156,2
DA:160,9
DA:161,9
LF:58
LH:58
BRDA:45,0,0,6
BRDA:45,0,1,2
BRDA:45,1,0,8
BRDA:45,1,1,7
BRDA:53,2,0,4
BRDA:53,2,1,2
BRDA:54,3,0,6
BRDA:54,3,1,2
BRDA:54,3,2,2
BRDA:54,3,3,4
BRDA:54,3,4,2
BRDA:54,3,5,2
BRDA:82,4,0,7
BRDA:82,4,1,2
BRDA:82,5,0,9
BRDA:82,5,1,7
BRDA:90,6,0,2
BRDA:90,6,1,5
BRDA:91,7,0,7
BRDA:91,7,1,2
BRDA:91,7,2,2
BRDA:91,7,3,2
BRDA:91,7,4,2
BRDA:103,8,0,4
BRDA:103,8,1,1
BRDA:104,9,0,5
BRDA:104,9,1,4
BRDA:104,9,2,4
BRDA:108,10,0,4
BRDA:108,10,1,0
BRDA:109,11,0,4
BRDA:109,11,1,0
BRDA:114,12,0,2
BRDA:114,12,1,2
BRDA:126,13,0,1
BRDA:126,13,1,0
BRDA:138,14,0,2
BRDA:138,14,1,2
BRF:38
BRH:35
end_of_record
TN:
SF:src/utils/meditations/meditations.ts
FN:7,(anonymous_0)
FN:10,(anonymous_1)
FN:17,(anonymous_2)
FN:23,(anonymous_3)
FN:27,(anonymous_4)
FN:33,(anonymous_5)
FNF:6
FNH:5
FNDA:0,(anonymous_0)
FNDA:3,(anonymous_1)
FNDA:4,(anonymous_2)
FNDA:9,(anonymous_3)
FNDA:8,(anonymous_4)
FNDA:3,(anonymous_5)
DA:7,2
DA:8,0
DA:10,2
DA:13,3
DA:17,2
DA:20,4
DA:21,4
DA:22,4
DA:23,9
DA:24,4
DA:27,2
DA:28,8
DA:30,8
DA:33,2
DA:34,3
LF:15
LH:14
BRDA:13,0,0,3
BRDA:13,0,1,2
BRDA:13,0,2,2
BRF:3
BRH:3
end_of_record
